  Jocloud.vcxproj -> E:\YY\Rays1012\aivacomadvancescene-pc_github\src\..\shadow\bin\Debug\Jocloud.exe
  Jocloud.vcxproj -> ..\shadow\bin\Debug\Jocloud.pdb (Full PDB)
  ..\depends\dwinternal\thundervs2015\bin\release\x86\argo.dll
  ..\depends\dwinternal\thundervs2015\bin\release\x86\AudioDec.dll
  ..\depends\dwinternal\thundervs2015\bin\release\x86\AudioEnc.dll
  ..\depends\dwinternal\thundervs2015\bin\release\x86\AudioEngine.dll
  ..\depends\dwinternal\thundervs2015\bin\release\x86\AudioUtil.dll
  ..\depends\dwinternal\thundervs2015\bin\release\x86\concrt140.dll
  ..\depends\dwinternal\thundervs2015\bin\release\x86\d3dx9_30.dll
  ..\depends\dwinternal\thundervs2015\bin\release\x86\Decoder.dll
  ..\depends\dwinternal\thundervs2015\bin\release\x86\HookAudio.dll
  ..\depends\dwinternal\thundervs2015\bin\release\x86\mfc140u.dll
  ..\depends\dwinternal\thundervs2015\bin\release\x86\Mp3enc.dll
  ..\depends\dwinternal\thundervs2015\bin\release\x86\msvcp140.dll
  ..\depends\dwinternal\thundervs2015\bin\release\x86\reportsdk.dll
  ..\depends\dwinternal\thundervs2015\bin\release\x86\servicesdk.dll
  ..\depends\dwinternal\thundervs2015\bin\release\x86\SpiderCrab.dll
  ..\depends\dwinternal\thundervs2015\bin\release\x86\thunder.dll
  ..\depends\dwinternal\thundervs2015\bin\release\x86\thunderbolt.dll
  ..\depends\dwinternal\thundervs2015\bin\release\x86\ucrtbase.dll
  ..\depends\dwinternal\thundervs2015\bin\release\x86\vccorlib140.dll
  ..\depends\dwinternal\thundervs2015\bin\release\x86\vcruntime140.dll
  ..\depends\dwinternal\thundervs2015\bin\release\x86\VideoSdk.dll
  ..\depends\dwinternal\thundervs2015\bin\release\x86\redist_bin\api-ms-win-core-console-l1-1-0.dll
  ..\depends\dwinternal\thundervs2015\bin\release\x86\redist_bin\api-ms-win-core-datetime-l1-1-0.dll
  ..\depends\dwinternal\thundervs2015\bin\release\x86\redist_bin\api-ms-win-core-debug-l1-1-0.dll
  ..\depends\dwinternal\thundervs2015\bin\release\x86\redist_bin\api-ms-win-core-errorhandling-l1-1-0.dll
  ..\depends\dwinternal\thundervs2015\bin\release\x86\redist_bin\api-ms-win-core-file-l1-1-0.dll
  ..\depends\dwinternal\thundervs2015\bin\release\x86\redist_bin\api-ms-win-core-file-l1-2-0.dll
  ..\depends\dwinternal\thundervs2015\bin\release\x86\redist_bin\api-ms-win-core-file-l2-1-0.dll
  ..\depends\dwinternal\thundervs2015\bin\release\x86\redist_bin\api-ms-win-core-handle-l1-1-0.dll
  ..\depends\dwinternal\thundervs2015\bin\release\x86\redist_bin\api-ms-win-core-heap-l1-1-0.dll
  ..\depends\dwinternal\thundervs2015\bin\release\x86\redist_bin\api-ms-win-core-interlocked-l1-1-0.dll
  ..\depends\dwinternal\thundervs2015\bin\release\x86\redist_bin\api-ms-win-core-libraryloader-l1-1-0.dll
  ..\depends\dwinternal\thundervs2015\bin\release\x86\redist_bin\api-ms-win-core-localization-l1-2-0.dll
  ..\depends\dwinternal\thundervs2015\bin\release\x86\redist_bin\api-ms-win-core-memory-l1-1-0.dll
  ..\depends\dwinternal\thundervs2015\bin\release\x86\redist_bin\api-ms-win-core-namedpipe-l1-1-0.dll
  ..\depends\dwinternal\thundervs2015\bin\release\x86\redist_bin\api-ms-win-core-processenvironment-l1-1-0.dll
  ..\depends\dwinternal\thundervs2015\bin\release\x86\redist_bin\api-ms-win-core-processthreads-l1-1-0.dll
  ..\depends\dwinternal\thundervs2015\bin\release\x86\redist_bin\api-ms-win-core-processthreads-l1-1-1.dll
  ..\depends\dwinternal\thundervs2015\bin\release\x86\redist_bin\api-ms-win-core-profile-l1-1-0.dll
  ..\depends\dwinternal\thundervs2015\bin\release\x86\redist_bin\api-ms-win-core-rtlsupport-l1-1-0.dll
  ..\depends\dwinternal\thundervs2015\bin\release\x86\redist_bin\api-ms-win-core-string-l1-1-0.dll
  ..\depends\dwinternal\thundervs2015\bin\release\x86\redist_bin\api-ms-win-core-synch-l1-1-0.dll
  ..\depends\dwinternal\thundervs2015\bin\release\x86\redist_bin\api-ms-win-core-synch-l1-2-0.dll
  ..\depends\dwinternal\thundervs2015\bin\release\x86\redist_bin\api-ms-win-core-sysinfo-l1-1-0.dll
  ..\depends\dwinternal\thundervs2015\bin\release\x86\redist_bin\api-ms-win-core-timezone-l1-1-0.dll
  ..\depends\dwinternal\thundervs2015\bin\release\x86\redist_bin\api-ms-win-core-util-l1-1-0.dll
  ..\depends\dwinternal\thundervs2015\bin\release\x86\redist_bin\api-ms-win-crt-conio-l1-1-0.dll
  ..\depends\dwinternal\thundervs2015\bin\release\x86\redist_bin\api-ms-win-crt-convert-l1-1-0.dll
  ..\depends\dwinternal\thundervs2015\bin\release\x86\redist_bin\api-ms-win-crt-environment-l1-1-0.dll
  ..\depends\dwinternal\thundervs2015\bin\release\x86\redist_bin\api-ms-win-crt-filesystem-l1-1-0.dll
  ..\depends\dwinternal\thundervs2015\bin\release\x86\redist_bin\api-ms-win-crt-heap-l1-1-0.dll
  ..\depends\dwinternal\thundervs2015\bin\release\x86\redist_bin\api-ms-win-crt-locale-l1-1-0.dll
  ..\depends\dwinternal\thundervs2015\bin\release\x86\redist_bin\api-ms-win-crt-math-l1-1-0.dll
  ..\depends\dwinternal\thundervs2015\bin\release\x86\redist_bin\api-ms-win-crt-multibyte-l1-1-0.dll
  ..\depends\dwinternal\thundervs2015\bin\release\x86\redist_bin\api-ms-win-crt-private-l1-1-0.dll
  ..\depends\dwinternal\thundervs2015\bin\release\x86\redist_bin\api-ms-win-crt-process-l1-1-0.dll
  ..\depends\dwinternal\thundervs2015\bin\release\x86\redist_bin\api-ms-win-crt-runtime-l1-1-0.dll
  ..\depends\dwinternal\thundervs2015\bin\release\x86\redist_bin\api-ms-win-crt-stdio-l1-1-0.dll
  ..\depends\dwinternal\thundervs2015\bin\release\x86\redist_bin\api-ms-win-crt-string-l1-1-0.dll
  ..\depends\dwinternal\thundervs2015\bin\release\x86\redist_bin\api-ms-win-crt-time-l1-1-0.dll
  ..\depends\dwinternal\thundervs2015\bin\release\x86\redist_bin\api-ms-win-crt-utility-l1-1-0.dll
  复制了 61 个文件
  ..\3rd\soui3\binary\x86\debug\dll\imgdecoder-gdipd.dll
  ..\3rd\soui3\binary\x86\debug\dll\imgdecoder-pngd.dll
  ..\3rd\soui3\binary\x86\debug\dll\imgdecoder-stbd.dll
  ..\3rd\soui3\binary\x86\debug\dll\imgdecoder-wicd.dll
  ..\3rd\soui3\binary\x86\debug\dll\render-gdid.dll
  ..\3rd\soui3\binary\x86\debug\dll\SIpcObjectd.dll
  ..\3rd\soui3\binary\x86\debug\dll\soui-sys-resourced.dll
  ..\3rd\soui3\binary\x86\debug\dll\soui3d.dll
  ..\3rd\soui3\binary\x86\debug\dll\translatord.dll
  ..\3rd\soui3\binary\x86\debug\dll\utilitiesd.dll
  复制了 10 个文件
