e:\yy\rays1012\aivacomadvancescene-pc_github\src\release\jocloud.pch
e:\yy\rays1012\aivacomadvancescene-pc_github\src\release\vc140.pdb
e:\yy\rays1012\aivacomadvancescene-pc_github\src\release\stdafx.obj
e:\yy\rays1012\aivacomadvancescene-pc_github\src\release\3dmatrix.obj
e:\yy\rays1012\aivacomadvancescene-pc_github\src\release\3dlib.obj
e:\yy\rays1012\aivacomadvancescene-pc_github\src\release\sskinpngx.obj
e:\yy\rays1012\aivacomadvancescene-pc_github\src\release\sskingif.obj
e:\yy\rays1012\aivacomadvancescene-pc_github\src\release\sskinapng.obj
e:\yy\rays1012\aivacomadvancescene-pc_github\src\release\sgifplayer.obj
e:\yy\rays1012\aivacomadvancescene-pc_github\src\release\extendskins.obj
e:\yy\rays1012\aivacomadvancescene-pc_github\src\release\extendctrls.obj
e:\yy\rays1012\aivacomadvancescene-pc_github\src\release\thread.obj
e:\yy\rays1012\aivacomadvancescene-pc_github\src\release\string.obj
e:\yy\rays1012\aivacomadvancescene-pc_github\src\release\logger.obj
e:\yy\rays1012\aivacomadvancescene-pc_github\src\release\log.obj
e:\yy\rays1012\aivacomadvancescene-pc_github\src\release\json_writer.obj
e:\yy\rays1012\aivacomadvancescene-pc_github\src\release\json_value.obj
e:\yy\rays1012\aivacomadvancescene-pc_github\src\release\json_reader.obj
e:\yy\rays1012\aivacomadvancescene-pc_github\src\release\postoffice.obj
e:\yy\rays1012\aivacomadvancescene-pc_github\src\release\postman.obj
e:\yy\rays1012\aivacomadvancescene-pc_github\src\release\msjexhnd.obj
e:\yy\rays1012\aivacomadvancescene-pc_github\src\release\ccrashstack.obj
e:\yy\rays1012\aivacomadvancescene-pc_github\src\release\config.obj
e:\yy\rays1012\aivacomadvancescene-pc_github\src\release\simagemaskwnd.obj
e:\yy\rays1012\aivacomadvancescene-pc_github\src\release\siectrl.obj
e:\yy\rays1012\aivacomadvancescene-pc_github\src\release\sgrouplist.obj
e:\yy\rays1012\aivacomadvancescene-pc_github\src\release\sfreemovewindow.obj
e:\yy\rays1012\aivacomadvancescene-pc_github\src\release\sfadeframe.obj
e:\yy\rays1012\aivacomadvancescene-pc_github\src\release\sdochostuihandler.obj
e:\yy\rays1012\aivacomadvancescene-pc_github\src\release\scomboboxex.obj
e:\yy\rays1012\aivacomadvancescene-pc_github\src\release\schrometabctrl.obj
e:\yy\rays1012\aivacomadvancescene-pc_github\src\release\scheckbox2.obj
e:\yy\rays1012\aivacomadvancescene-pc_github\src\release\scalendar2.obj
e:\yy\rays1012\aivacomadvancescene-pc_github\src\release\sbuttonex.obj
e:\yy\rays1012\aivacomadvancescene-pc_github\src\release\saniwindow.obj
e:\yy\rays1012\aivacomadvancescene-pc_github\src\release\sanimimg.obj
e:\yy\rays1012\aivacomadvancescene-pc_github\src\release\spropertyitembase.obj
e:\yy\rays1012\aivacomadvancescene-pc_github\src\release\spropertygrid.obj
e:\yy\rays1012\aivacomadvancescene-pc_github\src\release\spropertyitem-text.obj
e:\yy\rays1012\aivacomadvancescene-pc_github\src\release\spropertyitem-size.obj
e:\yy\rays1012\aivacomadvancescene-pc_github\src\release\spropertyitem-option.obj
e:\yy\rays1012\aivacomadvancescene-pc_github\src\release\spropertyitem-color.obj
e:\yy\rays1012\aivacomadvancescene-pc_github\src\release\3dtransform.obj
e:\yy\rays1012\aivacomadvancescene-pc_github\src\release\utils.obj
e:\yy\rays1012\aivacomadvancescene-pc_github\src\release\sshellnotifyicon.obj
e:\yy\rays1012\aivacomadvancescene-pc_github\src\release\tipwnd.obj
e:\yy\rays1012\aivacomadvancescene-pc_github\src\release\sturn3dview.obj
e:\yy\rays1012\aivacomadvancescene-pc_github\src\release\streebox.obj
e:\yy\rays1012\aivacomadvancescene-pc_github\src\release\stext.obj
e:\yy\rays1012\aivacomadvancescene-pc_github\src\release\stabctrl2.obj
e:\yy\rays1012\aivacomadvancescene-pc_github\src\release\ssplitbar.obj
e:\yy\rays1012\aivacomadvancescene-pc_github\src\release\sskinimgframe3.obj
e:\yy\rays1012\aivacomadvancescene-pc_github\src\release\sscrolltext.obj
e:\yy\rays1012\aivacomadvancescene-pc_github\src\release\sratingbar.obj
e:\yy\rays1012\aivacomadvancescene-pc_github\src\release\sradiobox2.obj
e:\yy\rays1012\aivacomadvancescene-pc_github\src\release\sprogressring.obj
e:\yy\rays1012\aivacomadvancescene-pc_github\src\release\stabctrlheaderbinder.obj
e:\yy\rays1012\aivacomadvancescene-pc_github\src\release\smclistviewex.obj
e:\yy\rays1012\aivacomadvancescene-pc_github\src\release\sloopbutton.obj
e:\yy\rays1012\aivacomadvancescene-pc_github\src\release\sheaderctrlex.obj
e:\yy\rays1012\aivacomadvancescene-pc_github\src\release\slistctrlex.obj
e:\yy\rays1012\aivacomadvancescene-pc_github\src\release\slistboxex.obj
e:\yy\rays1012\aivacomadvancescene-pc_github\src\release\sitembox.obj
e:\yy\rays1012\aivacomadvancescene-pc_github\src\release\uiscenepage.obj
e:\yy\rays1012\aivacomadvancescene-pc_github\src\release\uisettingpage.obj
e:\yy\rays1012\aivacomadvancescene-pc_github\src\release\uisameroompage.obj
e:\yy\rays1012\aivacomadvancescene-pc_github\src\release\uirightpage.obj
e:\yy\rays1012\aivacomadvancescene-pc_github\src\release\videonativewnd.obj
e:\yy\rays1012\aivacomadvancescene-pc_github\src\release\souirealwnd.obj
e:\yy\rays1012\aivacomadvancescene-pc_github\src\release\remoteuserlist.obj
e:\yy\rays1012\aivacomadvancescene-pc_github\src\release\raysmessagebox.obj
e:\yy\rays1012\aivacomadvancescene-pc_github\src\release\popuprealwnd.obj
e:\yy\rays1012\aivacomadvancescene-pc_github\src\release\mediadevicemanage.obj
e:\yy\rays1012\aivacomadvancescene-pc_github\src\release\uinullpage.obj
e:\yy\rays1012\aivacomadvancescene-pc_github\src\release\uimaindlg.obj
e:\yy\rays1012\aivacomadvancescene-pc_github\src\release\logicpagemanager.obj
e:\yy\rays1012\aivacomadvancescene-pc_github\src\release\logiclanguagetranslate.obj
e:\yy\rays1012\aivacomadvancescene-pc_github\src\release\uileftpage.obj
e:\yy\rays1012\aivacomadvancescene-pc_github\src\release\uidifferentroompage.obj
e:\yy\rays1012\aivacomadvancescene-pc_github\src\release\appinfoconstant.obj
e:\yy\rays1012\aivacomadvancescene-pc_github\src\release\jocloud.obj
e:\yy\rays1012\aivacomadvancescene-pc_github\src\release\thundermanager.obj
e:\yy\rays1012\aivacomadvancescene-pc_github\src\release\mediamanager.obj
e:\yy\rays1012\aivacomadvancescene-pc_github\src\res\soui_res.rc2
e:\yy\rays1012\aivacomadvancescene-pc_github\shadow\bin\release\jocloud.exe
e:\yy\rays1012\aivacomadvancescene-pc_github\shadow\bin\release\jocloud.pdb
e:\yy\rays1012\aivacomadvancescene-pc_github\src\release\jocloud.res
e:\yy\rays1012\aivacomadvancescene-pc_github\src\..\shadow\bin\release\jocloud.exe
e:\yy\rays1012\aivacomadvancescene-pc_github\src\release\jocloud.tlog\cl.command.1.tlog
e:\yy\rays1012\aivacomadvancescene-pc_github\src\release\jocloud.tlog\cl.read.1.tlog
e:\yy\rays1012\aivacomadvancescene-pc_github\src\release\jocloud.tlog\cl.write.1.tlog
e:\yy\rays1012\aivacomadvancescene-pc_github\src\release\jocloud.tlog\custombuild.command.1.tlog
e:\yy\rays1012\aivacomadvancescene-pc_github\src\release\jocloud.tlog\custombuild.read.1.tlog
e:\yy\rays1012\aivacomadvancescene-pc_github\src\release\jocloud.tlog\custombuild.write.1.tlog
e:\yy\rays1012\aivacomadvancescene-pc_github\src\release\jocloud.tlog\link.command.1.tlog
e:\yy\rays1012\aivacomadvancescene-pc_github\src\release\jocloud.tlog\link.read.1.tlog
e:\yy\rays1012\aivacomadvancescene-pc_github\src\release\jocloud.tlog\link.write.1.tlog
e:\yy\rays1012\aivacomadvancescene-pc_github\src\release\jocloud.tlog\rc.command.1.tlog
e:\yy\rays1012\aivacomadvancescene-pc_github\src\release\jocloud.tlog\rc.read.1.tlog
e:\yy\rays1012\aivacomadvancescene-pc_github\src\release\jocloud.tlog\rc.write.1.tlog
